<?xml version="1.0" encoding="UTF-8"?>
<Site BuildName="(empty)"
	BuildStamp="20230422-1544-Experimental"
	Name="(empty)"
	Generator="ctest-3.26.3"
	CompilerName=""
	CompilerVersion=""
	OSName="Linux"
	Hostname="192.168.1.254"
	OSRelease="6.2.10-arch1-1"
	OSVersion="#1 SMP PREEMPT_DYNAMIC Fri, 07 Apr 2023 02:10:43 +0000"
	OSPlatform="x86_64"
	Is64Bits="1"
	VendorString="AuthenticAMD"
	VendorID="Advanced Micro Devices"
	FamilyID="23"
	ModelID="8"
	ProcessorCacheSize="512"
	NumberOfLogicalCPU="16"
	NumberOfPhysicalCPU="8"
	TotalVirtualMemory="15816"
	TotalPhysicalMemory="15941"
	LogicalProcessorsPerPhysical="2"
	ProcessorClockFrequency="3462.45"
	>
	<Testing>
		<StartDateTime>Apr 22 10:44 CDT</StartDateTime>
		<StartTestTime>1682178293</StartTestTime>
		<TestList/>
		<EndDateTime>Apr 22 10:44 CDT</EndDateTime>
		<EndTestTime>1682178293</EndTestTime>
		<ElapsedMinutes>0</ElapsedMinutes>
	</Testing>
</Site>
